<?xml version="1.0" encoding="UTF-8"?>
<!-- Generated by org.testng.reporters.JUnitReportReporter -->
<testsuite hostname="DESKTOP-2F2EII0" failures="0" tests="1" name="com.herokuapp.theinternet.DropdownPageTests.DropdownTests" time="2.115" errors="0" timestamp="2022-01-09T18:08:03 EST" skipped="0">
  <testcase classname="com.herokuapp.theinternet.DropdownPageTests.DropdownTests" name="OptionTwoTest" time="2.115"/>
  <system-out/>
</testsuite> <!-- com.herokuapp.theinternet.DropdownPageTests.DropdownTests -->
