<?xml version="1.0" encoding="UTF-8"?>
<!-- Generated by org.testng.reporters.JUnitReportReporter -->
<testsuite hostname="DESKTOP-2F2EII0" failures="0" tests="1" name="com.herokuapp.theinternet.editortests.EditorTests" time="2.786" errors="0" timestamp="2022-01-17T22:41:27 EST" skipped="0">
  <testcase classname="com.herokuapp.theinternet.editortests.EditorTests" name="defaultEditorTests" time="2.786"/>
  <system-out/>
</testsuite> <!-- com.herokuapp.theinternet.editortests.EditorTests -->
