<?xml version="1.0" encoding="UTF-8"?>
<!-- Generated by org.testng.reporters.JUnitReportReporter -->
<testsuite hostname="kanlaya" failures="0" tests="1" name="com.herokuapp.theinternet.horizontalslidertests.HorizontalSliderTests" time="6.542" errors="0" timestamp="2022-09-11T20:21:42 EDT" skipped="0">
  <testcase classname="com.herokuapp.theinternet.horizontalslidertests.HorizontalSliderTests" name="sliderTests" time="6.542"/>
  <system-out/>
</testsuite> <!-- com.herokuapp.theinternet.horizontalslidertests.HorizontalSliderTests -->
