<?xml version="1.0" encoding="UTF-8"?>
<!-- Generated by org.testng.reporters.JUnitReportReporter -->
<testsuite hostname="DESKTOP-2F2EII0" failures="0" tests="1" name="com.herokuapp.theinternet.editorpagetests.EditorTests" time="3.403" errors="0" timestamp="2022-01-17T22:26:24 EST" skipped="0">
  <testcase classname="com.herokuapp.theinternet.editorpagetests.EditorTests" name="defaultEditorTests" time="3.403"/>
  <system-out/>
</testsuite> <!-- com.herokuapp.theinternet.editorpagetests.EditorTests -->
