<?xml version="1.0" encoding="UTF-8"?>
<!-- Generated by org.testng.reporters.JUnitReportReporter -->
<testsuite hostname="DESKTOP-2F2EII0" failures="0" tests="2" name="com.herokuapp.theinternet.keypressestests.KeyPressesTests" time="8.502" errors="0" timestamp="2022-01-17T22:42:13 EST" skipped="0">
  <testcase classname="com.herokuapp.theinternet.keypressestests.KeyPressesTests" name="PressKeywithActionTests" time="6.161"/>
  <system-out/>
  <testcase classname="com.herokuapp.theinternet.keypressestests.KeyPressesTests" name="PressKeywithActionTests" time="2.341"/>
  <system-out/>
</testsuite> <!-- com.herokuapp.theinternet.keypressestests.KeyPressesTests -->
