<?xml version="1.0" encoding="UTF-8"?>
<!-- Generated by org.testng.reporters.JUnitReportReporter -->
<testsuite hostname="DESKTOP-2F2EII0" failures="0" tests="2" name="com.herokuapp.theinternet.keypressespagetests.KeyPressesTests" time="6.727" errors="0" timestamp="2022-01-16T11:26:24 EST" skipped="0">
  <testcase classname="com.herokuapp.theinternet.keypressespagetests.KeyPressesTests" name="PressKeywithActionTests" time="4.367"/>
  <system-out/>
  <testcase classname="com.herokuapp.theinternet.keypressespagetests.KeyPressesTests" name="PressKeywithActionTests" time="2.360"/>
  <system-out/>
</testsuite> <!-- com.herokuapp.theinternet.keypressespagetests.KeyPressesTests -->
