<?xml version="1.0" encoding="UTF-8"?>
<!-- Generated by org.testng.reporters.JUnitReportReporter -->
<testsuite hostname="DESKTOP-2F2EII0" failures="0" tests="2" name="com.herokuapp.theinternet.DragandDropTests.DragAndDropTests" time="12.394" errors="0" timestamp="2022-01-19T16:55:03 EST" skipped="0">
  <testcase classname="com.herokuapp.theinternet.DragandDropTests.DragAndDropTests" name="dragAnddropTests" time="2.963"/>
  <system-out/>
  <testcase classname="com.herokuapp.theinternet.DragandDropTests.DragAndDropTests" name="dragAnddropTests" time="9.431"/>
  <system-out/>
</testsuite> <!-- com.herokuapp.theinternet.DragandDropTests.DragAndDropTests -->
