<?xml version="1.0" encoding="UTF-8"?>
<!-- Generated by org.testng.reporters.JUnitReportReporter -->
<testsuite hostname="DESKTOP-2F2EII0" failures="0" tests="1" name="com.herokuapp.theinternet.DropdownTests.DropdownTests" time="2.775" errors="0" timestamp="2022-01-17T22:40:43 EST" skipped="0">
  <testcase classname="com.herokuapp.theinternet.DropdownTests.DropdownTests" name="OptionTwoTest" time="2.775"/>
  <system-out/>
</testsuite> <!-- com.herokuapp.theinternet.DropdownTests.DropdownTests -->
