<?xml version="1.0" encoding="UTF-8"?>
<!-- Generated by org.testng.reporters.JUnitReportReporter -->
<testsuite hostname="DESKTOP-2F2EII0" failures="0" tests="1" name="com.herokuapp.theinternet.fileuploadtest.FileUploaderTests" time="4.492" errors="0" timestamp="2022-01-17T22:43:54 EST" skipped="0">
  <testcase classname="com.herokuapp.theinternet.fileuploadtest.FileUploaderTests" name="imageUploadTests" time="4.492"/>
  <system-out/>
</testsuite> <!-- com.herokuapp.theinternet.fileuploadtest.FileUploaderTests -->
