<?xml version="1.0" encoding="UTF-8"?>
<!-- Generated by org.testng.reporters.JUnitReportReporter -->
<testsuite hostname="DESKTOP-2F2EII0" failures="0" tests="1" name="com.herokuapp.theinternet.windowspagetests.WindowsTests" time="4.177" errors="0" timestamp="2022-01-15T12:06:02 EST" skipped="0">
  <testcase classname="com.herokuapp.theinternet.windowspagetests.WindowsTests" name="newWindowsTests" time="4.177"/>
  <system-out/>
</testsuite> <!-- com.herokuapp.theinternet.windowspagetests.WindowsTests -->
