<?xml version="1.0" encoding="UTF-8"?>
<!-- Generated by org.testng.reporters.JUnitReportReporter -->
<testsuite hostname="DESKTOP-2F2EII0" failures="0" tests="4" name="com.herokuapp.theinternet.loginpagetests.NegativeLogInTests" time="22.379" errors="0" timestamp="2022-01-09T15:48:26 EST" skipped="0">
  <testcase classname="com.herokuapp.theinternet.loginpagetests.NegativeLogInTests" name="negativeTest" time="7.124"/>
  <system-out/>
  <testcase classname="com.herokuapp.theinternet.loginpagetests.NegativeLogInTests" name="negativeTest" time="7.562"/>
  <system-out/>
  <testcase classname="com.herokuapp.theinternet.loginpagetests.NegativeLogInTests" name="negativeTest" time="3.832"/>
  <system-out/>
  <testcase classname="com.herokuapp.theinternet.loginpagetests.NegativeLogInTests" name="negativeTest" time="3.861"/>
  <system-out/>
</testsuite> <!-- com.herokuapp.theinternet.loginpagetests.NegativeLogInTests -->
