<?xml version="1.0" encoding="UTF-8"?>
<!-- Generated by org.testng.reporters.JUnitReportReporter -->
<testsuite hostname="DESKTOP-2F2EII0" failures="0" tests="4" name="com.herokuapp.theinternet.NegativeTests" time="17.690" errors="0" timestamp="2022-01-02T00:00:18 EST" skipped="0">
  <testcase classname="com.herokuapp.theinternet.NegativeTests" name="negativeTest" time="5.502"/>
  <system-out/>
  <testcase classname="com.herokuapp.theinternet.NegativeTests" name="negativeTest" time="3.487"/>
  <system-out/>
  <testcase classname="com.herokuapp.theinternet.NegativeTests" name="negativeTest" time="6.737"/>
  <system-out/>
  <testcase classname="com.herokuapp.theinternet.NegativeTests" name="negativeTest" time="1.964"/>
  <system-out/>
</testsuite> <!-- com.herokuapp.theinternet.NegativeTests -->
