<?xml version="1.0" encoding="UTF-8"?>
<!-- Generated by org.testng.reporters.JUnitReportReporter -->
<testsuite hostname="DESKTOP-2F2EII0" failures="0" tests="4" name="com.herokuapp.theinternet.javascriptalertspagetests.AlertTests" time="7.119" errors="0" timestamp="2022-01-15T23:53:01 EST" skipped="0">
  <testcase classname="com.herokuapp.theinternet.javascriptalertspagetests.AlertTests" name="jsAlertTest" time="1.617"/>
  <system-out/>
  <testcase classname="com.herokuapp.theinternet.javascriptalertspagetests.AlertTests" name="jsConfimAcceptedTest" time="1.502"/>
  <system-out/>
  <testcase classname="com.herokuapp.theinternet.javascriptalertspagetests.AlertTests" name="jsPromptTest" time="2.307"/>
  <system-out/>
  <testcase classname="com.herokuapp.theinternet.javascriptalertspagetests.AlertTests" name="jsDismisstTest" time="1.693"/>
  <system-out/>
</testsuite> <!-- com.herokuapp.theinternet.javascriptalertspagetests.AlertTests -->
